<?xml version="1.0" encoding="UTF-8"?>
<!-- Generated by org.testng.reporters.JUnitReportReporter -->
<testsuite hostname="DESKTOP-OUBE3OH" failures="0" tests="1" name="org.testing.TestScripts.Final_TC2" time="47.798" errors="0" timestamp="6 Jan 2024 09:03:37 GMT">
  <testcase classname="org.testing.TestScripts.Final_TC2" name="Click_History" time="47.798"/>
</testsuite> <!-- org.testing.TestScripts.Final_TC2 -->
