<?xml version="1.0" encoding="UTF-8"?>
<!-- Generated by org.testng.reporters.JUnitReportReporter -->
<testsuite hostname="DESKTOP-OUBE3OH" failures="0" tests="1" name="org.testing.TestScripts.Final_TC1" time="54.498" errors="0" timestamp="6 Jan 2024 09:03:37 GMT">
  <testcase classname="org.testing.TestScripts.Final_TC1" name="Trending_Click" time="54.498"/>
</testsuite> <!-- org.testing.TestScripts.Final_TC1 -->
